[35m[Appium][39m Welcome to Appium v1.22.3
[35m[Appium][39m Non-default server args:
[35m[Appium][39m   port: 62502
[35m[Appium][39m   loglevel: info
[35m[Appium][39m   tmpDir: /var/folders/kk/jl9dys3n4x10m_dz1yhqbsyh0000gn/T//Katalon/Appium/Temp1679991303583
[35m[Appium][39m   chromedriverPort: 62503
[35m[Appium][39m Deprecated server args:
[35m[Appium][39m   [31m--chromedriver-port[39m => --default-capabilities
[35m[Appium][39m Default capabilities, which will be added to each request unless overridden by desired capabilities:
[35m[Appium][39m   chromedriverPort: 62503
[35m[Appium][39m Appium REST http interface listener started on 0.0.0.0:62502
[35m[HTTP][39m [37m-->[39m [37mGET[39m [37m/wd/hub/status[39m
[35m[HTTP][39m [90m{}[39m
[35m[HTTP][39m [37m<-- GET /wd/hub/status [39m[32m200[39m [90m3 ms - 68[39m
[35m[HTTP][39m [90m[39m
[35m[HTTP][39m [37m-->[39m [37mGET[39m [37m/wd/hub/status[39m
[35m[HTTP][39m [90m{}[39m
[35m[HTTP][39m [37m<-- GET /wd/hub/status [39m[32m200[39m [90m1 ms - 68[39m
[35m[HTTP][39m [90m[39m
[35m[HTTP][39m [37m-->[39m [37mPOST[39m [37m/wd/hub/session[39m
[35m[HTTP][39m [90m{"desiredCapabilities":{"newCommandTimeout":1800,"realDeviceLogger":"/Applications/Katalon Studio.app/Contents/Eclipse/configuration/resources/tools/deviceconsole","platformVersion":"16.3.1","automationName":"XCUITest","bundleId":"com.apple.calculator","waitForAppScript":"true;","platformName":"iOS","udid":"00008020-001C104901DA402E","deviceName":"Nickolas’s iPhone","wdaLocalPort":62511},"capabilities":{"firstMatch":[{"appium:automationName":"XCUITest","appium:bundleId":"com.apple.calculator","appium:deviceName":"Nickolas’s iPhone","appium:newCommandTimeout":1800,"platformName":"ios","appium:platformVersion":"16.3.1","realDeviceLogger":"/Applications/Katalon Studio.app/Contents/Eclipse/configuration/resources/tools/deviceconsole","appium:udid":"00008020-001C104901DA402E","appium:waitForAppScript":"true;","appium:wdaLocalPort":62511}]}}[39m
[35m[BaseDriver][39m The following capabilities are not standard capabilities and should have an extension prefix:
[35m[BaseDriver][39m   realDeviceLogger
[35m[BaseDriver][39m   chromedriverPort
[35m[Appium][39m Appium v1.22.3 creating new XCUITestDriver (v3.59.0) session
[35m[BaseDriver][39m The following capabilities were provided, but are not recognized by Appium:
[35m[BaseDriver][39m   realDeviceLogger
[35m[BaseDriver][39m   chromedriverPort
[35m[BaseDriver][39m   waitForAppScript
[35m[BaseDriver][39m Session created with session id: cc07fbbc-3b11-444d-b197-4d9b575b004f
[35m[XCUITest][39m Determining device to run tests on: udid: '00008020-001C104901DA402E', real device: true
[35m[XCUITest][39m Normalized platformVersion capability value '16.3.1' to '16.3'
[35m[WebDriverAgent][39m Using WDA path: '/usr/local/lib/node_modules/appium/node_modules/appium-webdriveragent'
[35m[WebDriverAgent][39m Using WDA agent: '/usr/local/lib/node_modules/appium/node_modules/appium-webdriveragent/WebDriverAgent.xcodeproj'
[35m[XCUITest][39m Continuing without capturing device logs: Could not find a pair record for device '00008020-001C104901DA402E'. Please first pair with the device
[35m[XCUITest][39m Setting up real device
[35m[DevCon Factory][39m Releasing connections for 00008020-001C104901DA402E device on any port number
[35m[DevCon Factory][39m No cached connections have been found
[35m[HTTP][39m [37m<-- POST /wd/hub/session [39m[31m500[39m [90m292 ms - 701[39m
[35m[HTTP][39m [90m[39m
