[35m[Appium][39m Welcome to Appium v1.22.3
[35m[Appium][39m Non-default server args:
[35m[Appium][39m   port: 61558
[35m[Appium][39m   loglevel: info
[35m[Appium][39m   tmpDir: /var/folders/kk/jl9dys3n4x10m_dz1yhqbsyh0000gn/T//Katalon/Appium/Temp1679990648031
[35m[Appium][39m   chromedriverPort: 61559
[35m[Appium][39m Deprecated server args:
[35m[Appium][39m   [31m--chromedriver-port[39m => --default-capabilities
[35m[Appium][39m Default capabilities, which will be added to each request unless overridden by desired capabilities:
[35m[Appium][39m   chromedriverPort: 61559
[35m[Appium][39m Appium REST http interface listener started on 0.0.0.0:61558
[35m[HTTP][39m [37m-->[39m [37mGET[39m [37m/wd/hub/status[39m
[35m[HTTP][39m [90m{}[39m
[35m[HTTP][39m [37m<-- GET /wd/hub/status [39m[32m200[39m [90m3 ms - 68[39m
[35m[HTTP][39m [90m[39m
[35m[HTTP][39m [37m-->[39m [37mPOST[39m [37m/wd/hub/session[39m
[35m[HTTP][39m [90m{"desiredCapabilities":{"appActivity":".Settings","appPackage":"com.android.settings","newCommandTimeout":1800,"platformVersion":"12","automationName":"uiautomator2","autoGrantPermissions":true,"platformName":"Android","udid":"RR8M20MBJGW","deviceName":"samsung SM-G975F (Android 12)","platform":"ANDROID","systemPort":8248},"capabilities":{"firstMatch":[{"appium:appActivity":".Settings","appium:appPackage":"com.android.settings","appium:autoGrantPermissions":true,"appium:automationName":"uiautomator2","appium:deviceName":"samsung SM-G975F (Android 12)","appium:newCommandTimeout":1800,"platform":"ANDROID","platformName":"android","appium:platformVersion":"12","appium:systemPort":8248,"appium:udid":"RR8M20MBJGW"}]}}[39m
[35m[BaseDriver][39m The following capabilities are not standard capabilities and should have an extension prefix:
[35m[BaseDriver][39m   platform
[35m[BaseDriver][39m   chromedriverPort
[35m[Appium][39m Appium v1.22.3 creating new AndroidUiautomator2Driver (v1.70.1) session
[35m[BaseDriver][39m The following capabilities were provided, but are not recognized by Appium:
[35m[BaseDriver][39m   platform
[35m[BaseDriver][39m Session created with session id: 426b95b6-0472-4f9c-8fb9-61e3f76c5c95
[35m[UiAutomator2][39m Starting 'com.android.settings' directly on the device
[35m[ADB][39m Found 1 'build-tools' folders under '/Users/nikojona/.katalon/tools/android_sdk' (newest first):
[35m[ADB][39m     /Users/nikojona/.katalon/tools/android_sdk/build-tools/29.0.3
[35m[ADB][39m Using 'adb' from '/Users/nikojona/.katalon/tools/android_sdk/platform-tools/adb'
[35m[AndroidDriver][39m Retrieving device list
[35m[AndroidDriver][39m Using device: RR8M20MBJGW
[35m[ADB][39m Using 'adb' from '/Users/nikojona/.katalon/tools/android_sdk/platform-tools/adb'
[35m[ADB][39m Getting device platform version
[35m[UiAutomator2][39m Relaxing hidden api policy
[35m[AndroidDriver][39m No app sent in, not parsing package/activity
[35m[UiAutomator2][39m Restoring hidden api policy to the device default configuration
[35m[HTTP][39m [37m<-- POST /wd/hub/session [39m[31m500[39m [90m1818 ms - 1135[39m
[35m[HTTP][39m [90m[39m
[35m[HTTP][39m [37m-->[39m [37mGET[39m [37m/wd/hub/status[39m
[35m[HTTP][39m [90m{}[39m
[35m[HTTP][39m [37m<-- GET /wd/hub/status [39m[32m200[39m [90m0 ms - 68[39m
[35m[HTTP][39m [90m[39m
[35m[HTTP][39m [37m-->[39m [37mPOST[39m [37m/wd/hub/session[39m
[35m[HTTP][39m [90m{"desiredCapabilities":{"appActivity":".Settings","appPackage":"com.android.settings","newCommandTimeout":1800,"platformVersion":"12","automationName":"uiautomator2","autoGrantPermissions":true,"platformName":"Android","udid":"RR8M20MBJGW","deviceName":"samsung SM-G975F (Android 12)","platform":"ANDROID","systemPort":8216},"capabilities":{"firstMatch":[{"appium:appActivity":".Settings","appium:appPackage":"com.android.settings","appium:autoGrantPermissions":true,"appium:automationName":"uiautomator2","appium:deviceName":"samsung SM-G975F (Android 12)","appium:newCommandTimeout":1800,"platform":"ANDROID","platformName":"android","appium:platformVersion":"12","appium:systemPort":8216,"appium:udid":"RR8M20MBJGW"}]}}[39m
[35m[BaseDriver][39m The following capabilities are not standard capabilities and should have an extension prefix:
[35m[BaseDriver][39m   platform
[35m[BaseDriver][39m   chromedriverPort
[35m[Appium][39m Appium v1.22.3 creating new AndroidUiautomator2Driver (v1.70.1) session
[35m[BaseDriver][39m The following capabilities were provided, but are not recognized by Appium:
[35m[BaseDriver][39m   platform
[35m[BaseDriver][39m Session created with session id: dd258393-fed2-4bad-a299-301c8b933a0b
[35m[UiAutomator2][39m Starting 'com.android.settings' directly on the device
[35m[ADB][39m Using 'adb' from '/Users/nikojona/.katalon/tools/android_sdk/platform-tools/adb'
[35m[AndroidDriver][39m Retrieving device list
[35m[AndroidDriver][39m Using device: RR8M20MBJGW
[35m[ADB][39m Using 'adb' from '/Users/nikojona/.katalon/tools/android_sdk/platform-tools/adb'
[35m[ADB][39m Getting device platform version
[35m[UiAutomator2][39m Relaxing hidden api policy
[35m[AndroidDriver][39m No app sent in, not parsing package/activity
[35m[ADB][39m Using 'apksigner.jar' from '/Users/nikojona/.katalon/tools/android_sdk/build-tools/29.0.3/lib/apksigner.jar'
[35m[ADB][39m '/usr/local/lib/node_modules/appium/node_modules/appium-uiautomator2-server/apks/appium-uiautomator2-server-v4.27.0.apk' is signed with the default certificate
[35m[ADB][39m '/usr/local/lib/node_modules/appium/node_modules/appium-uiautomator2-server/apks/appium-uiautomator2-server-debug-androidTest.apk' is signed with the default certificate
[35m[UiAutomator2][39m Server packages are not going to be (re)installed
[35m[ADB][39m Adding packages ["io.appium.settings","io.appium.uiautomator2.server","io.appium.uiautomator2.server.test"] to Doze whitelist
[35m[ADB][39m com.android.settings contains no permissions available for granting
[35m[UiAutomator2][39m Starting UIAutomator2 server 4.27.0
[35m[UiAutomator2][39m Using UIAutomator2 server from '/usr/local/lib/node_modules/appium/node_modules/appium-uiautomator2-server/apks/appium-uiautomator2-server-v4.27.0.apk' and test from '/usr/local/lib/node_modules/appium/node_modules/appium-uiautomator2-server/apks/appium-uiautomator2-server-debug-androidTest.apk'
[35m[UiAutomator2][39m Waiting up to 30000ms for UiAutomator2 to be online...
[35m[WD Proxy][39m socket hang up
[35m[WD Proxy][39m socket hang up
[35m[WD Proxy][39m Determined the downstream protocol as 'W3C'
[35m[AndroidDriver][39m Screen already unlocked, doing nothing
[35m[UiAutomator2][39m Starting 'com.android.settings/.Settings and waiting for 'com.android.settings/.Settings'
[35m[Appium][39m New AndroidUiautomator2Driver session created successfully, session dd258393-fed2-4bad-a299-301c8b933a0b added to master session list
[35m[HTTP][39m [37m<-- POST /wd/hub/session [39m[32m200[39m [90m7507 ms - 1160[39m
[35m[HTTP][39m [90m[39m
[35m[HTTP][39m [37m-->[39m [37mGET[39m [37m/wd/hub/session/dd258393-fed2-4bad-a299-301c8b933a0b[39m
[35m[HTTP][39m [90m{}[39m
[35m[HTTP][39m [37m<-- GET /wd/hub/session/dd258393-fed2-4bad-a299-301c8b933a0b [39m[32m200[39m [90m8 ms - 1114[39m
[35m[HTTP][39m [90m[39m
[35m[HTTP][39m [37m-->[39m [37mGET[39m [37m/wd/hub/session/dd258393-fed2-4bad-a299-301c8b933a0b[39m
[35m[HTTP][39m [90m{}[39m
[35m[HTTP][39m [37m<-- GET /wd/hub/session/dd258393-fed2-4bad-a299-301c8b933a0b [39m[32m200[39m [90m8 ms - 1114[39m
[35m[HTTP][39m [90m[39m
[35m[HTTP][39m [37m-->[39m [37mGET[39m [37m/wd/hub/status[39m
[35m[HTTP][39m [90m{}[39m
[35m[HTTP][39m [37m<-- GET /wd/hub/status [39m[32m200[39m [90m0 ms - 68[39m
[35m[HTTP][39m [90m[39m
[35m[HTTP][39m [37m-->[39m [37mPOST[39m [37m/wd/hub/session/dd258393-fed2-4bad-a299-301c8b933a0b/timeouts[39m
[35m[HTTP][39m [90m{"implicit":30000}[39m
[35m[HTTP][39m [37m<-- POST /wd/hub/session/dd258393-fed2-4bad-a299-301c8b933a0b/timeouts [39m[32m200[39m [90m1 ms - 14[39m
[35m[HTTP][39m [90m[39m
[35m[HTTP][39m [37m-->[39m [37mGET[39m [37m/wd/hub/session/dd258393-fed2-4bad-a299-301c8b933a0b/screenshot[39m
[35m[HTTP][39m [90m{}[39m
[35m[HTTP][39m [37m<-- GET /wd/hub/session/dd258393-fed2-4bad-a299-301c8b933a0b/screenshot [39m[32m200[39m [90m326 ms - 190780[39m
[35m[HTTP][39m [90m[39m
[35m[HTTP][39m [37m-->[39m [37mGET[39m [37m/wd/hub/session/dd258393-fed2-4bad-a299-301c8b933a0b/window/rect[39m
[35m[HTTP][39m [90m{}[39m
[35m[HTTP][39m [37m<-- GET /wd/hub/session/dd258393-fed2-4bad-a299-301c8b933a0b/window/rect [39m[32m200[39m [90m8 ms - 50[39m
[35m[HTTP][39m [90m[39m
[35m[HTTP][39m [37m-->[39m [37mGET[39m [37m/wd/hub/session/dd258393-fed2-4bad-a299-301c8b933a0b/appium/device/system_bars[39m
[35m[HTTP][39m [90m{}[39m
[35m[HTTP][39m [37m<-- GET /wd/hub/session/dd258393-fed2-4bad-a299-301c8b933a0b/appium/device/system_bars [39m[32m200[39m [90m118 ms - 145[39m
[35m[HTTP][39m [90m[39m
[35m[HTTP][39m [37m-->[39m [37mPOST[39m [37m/wd/hub/session/dd258393-fed2-4bad-a299-301c8b933a0b/appium/device/activate_app[39m
[35m[HTTP][39m [90m{"bundleId":"com.sec.android.app.popupcalculator"}[39m
[35m[HTTP][39m [37m<-- POST /wd/hub/session/dd258393-fed2-4bad-a299-301c8b933a0b/appium/device/activate_app [39m[32m200[39m [90m447 ms - 14[39m
[35m[HTTP][39m [90m[39m
[35m[HTTP][39m [37m-->[39m [37mPOST[39m [37m/wd/hub/session/dd258393-fed2-4bad-a299-301c8b933a0b/timeouts[39m
[35m[HTTP][39m [90m{"implicit":50}[39m
[35m[HTTP][39m [37m<-- POST /wd/hub/session/dd258393-fed2-4bad-a299-301c8b933a0b/timeouts [39m[32m200[39m [90m1 ms - 14[39m
[35m[HTTP][39m [90m[39m
[35m[HTTP][39m [37m-->[39m [37mGET[39m [37m/wd/hub/session/dd258393-fed2-4bad-a299-301c8b933a0b/window/rect[39m
[35m[HTTP][39m [90m{}[39m
[35m[HTTP][39m [37m<-- GET /wd/hub/session/dd258393-fed2-4bad-a299-301c8b933a0b/window/rect [39m[32m200[39m [90m23 ms - 50[39m
[35m[HTTP][39m [90m[39m
[35m[HTTP][39m [37m-->[39m [37mPOST[39m [37m/wd/hub/session/dd258393-fed2-4bad-a299-301c8b933a0b/elements[39m
[35m[HTTP][39m [90m{"using":"xpath","value":"//*[@resource-id = 'com.sec.android.app.popupcalculator:id/calc_keypad_btn_clear']"}[39m
[35m[HTTP][39m [37m<-- POST /wd/hub/session/dd258393-fed2-4bad-a299-301c8b933a0b/elements [39m[32m200[39m [90m410 ms - 139[39m
[35m[HTTP][39m [90m[39m
[35m[HTTP][39m [37m-->[39m [37mGET[39m [37m/wd/hub/session/dd258393-fed2-4bad-a299-301c8b933a0b/element/00000000-0000-0079-ffff-ffff00000010/location[39m
[35m[HTTP][39m [90m{}[39m
[35m[W3C (dd258393)][39m Driver proxy active, passing request on via HTTP proxy
[35m[WD Proxy][39m Replacing sessionId 73f9a932-89c5-42e2-b016-d1fad8bccc84 with dd258393-fed2-4bad-a299-301c8b933a0b
[35m[HTTP][39m [37m<-- GET /wd/hub/session/dd258393-fed2-4bad-a299-301c8b933a0b/element/00000000-0000-0079-ffff-ffff00000010/location [39m[32m200[39m [90m20 ms - 78[39m
[35m[HTTP][39m [90m[39m
[35m[HTTP][39m [37m-->[39m [37mPOST[39m [37m/wd/hub/session/dd258393-fed2-4bad-a299-301c8b933a0b/timeouts[39m
[35m[HTTP][39m [90m{"implicit":30000}[39m
[35m[HTTP][39m [37m<-- POST /wd/hub/session/dd258393-fed2-4bad-a299-301c8b933a0b/timeouts [39m[32m200[39m [90m1 ms - 14[39m
[35m[HTTP][39m [90m[39m
[35m[HTTP][39m [37m-->[39m [37mPOST[39m [37m/wd/hub/session/dd258393-fed2-4bad-a299-301c8b933a0b/element/00000000-0000-0079-ffff-ffff00000010/click[39m
[35m[HTTP][39m [90m{"id":"00000000-0000-0079-ffff-ffff00000010"}[39m
[35m[HTTP][39m [37m<-- POST /wd/hub/session/dd258393-fed2-4bad-a299-301c8b933a0b/element/00000000-0000-0079-ffff-ffff00000010/click [39m[32m200[39m [90m87 ms - 14[39m
[35m[HTTP][39m [90m[39m
[35m[HTTP][39m [37m-->[39m [37mPOST[39m [37m/wd/hub/session/dd258393-fed2-4bad-a299-301c8b933a0b/timeouts[39m
[35m[HTTP][39m [90m{"implicit":50}[39m
[35m[HTTP][39m [37m<-- POST /wd/hub/session/dd258393-fed2-4bad-a299-301c8b933a0b/timeouts [39m[32m200[39m [90m1 ms - 14[39m
[35m[HTTP][39m [90m[39m
[35m[HTTP][39m [37m-->[39m [37mGET[39m [37m/wd/hub/session/dd258393-fed2-4bad-a299-301c8b933a0b/window/rect[39m
[35m[HTTP][39m [90m{}[39m
[35m[HTTP][39m [37m<-- GET /wd/hub/session/dd258393-fed2-4bad-a299-301c8b933a0b/window/rect [39m[32m200[39m [90m16 ms - 50[39m
[35m[HTTP][39m [90m[39m
[35m[HTTP][39m [37m-->[39m [37mPOST[39m [37m/wd/hub/session/dd258393-fed2-4bad-a299-301c8b933a0b/elements[39m
[35m[HTTP][39m [90m{"using":"xpath","value":"//*[(@text = '9' or . = '9') and @resource-id = 'com.sec.android.app.popupcalculator:id/calc_keypad_btn_09']"}[39m
[35m[HTTP][39m [37m<-- POST /wd/hub/session/dd258393-fed2-4bad-a299-301c8b933a0b/elements [39m[32m200[39m [90m632 ms - 139[39m
[35m[HTTP][39m [90m[39m
[35m[HTTP][39m [37m-->[39m [37mGET[39m [37m/wd/hub/session/dd258393-fed2-4bad-a299-301c8b933a0b/element/00000000-0000-0079-ffff-ffff00000016/location[39m
[35m[HTTP][39m [90m{}[39m
[35m[W3C (dd258393)][39m Driver proxy active, passing request on via HTTP proxy
[35m[WD Proxy][39m Replacing sessionId 73f9a932-89c5-42e2-b016-d1fad8bccc84 with dd258393-fed2-4bad-a299-301c8b933a0b
[35m[HTTP][39m [37m<-- GET /wd/hub/session/dd258393-fed2-4bad-a299-301c8b933a0b/element/00000000-0000-0079-ffff-ffff00000016/location [39m[32m200[39m [90m37 ms - 79[39m
[35m[HTTP][39m [90m[39m
[35m[HTTP][39m [37m-->[39m [37mPOST[39m [37m/wd/hub/session/dd258393-fed2-4bad-a299-301c8b933a0b/timeouts[39m
[35m[HTTP][39m [90m{"implicit":30000}[39m
[35m[HTTP][39m [37m<-- POST /wd/hub/session/dd258393-fed2-4bad-a299-301c8b933a0b/timeouts [39m[32m200[39m [90m1 ms - 14[39m
[35m[HTTP][39m [90m[39m
[35m[HTTP][39m [37m-->[39m [37mPOST[39m [37m/wd/hub/session/dd258393-fed2-4bad-a299-301c8b933a0b/element/00000000-0000-0079-ffff-ffff00000016/click[39m
[35m[HTTP][39m [90m{"id":"00000000-0000-0079-ffff-ffff00000016"}[39m
[35m[HTTP][39m [37m<-- POST /wd/hub/session/dd258393-fed2-4bad-a299-301c8b933a0b/element/00000000-0000-0079-ffff-ffff00000016/click [39m[32m200[39m [90m87 ms - 14[39m
[35m[HTTP][39m [90m[39m
[35m[HTTP][39m [37m-->[39m [37mPOST[39m [37m/wd/hub/session/dd258393-fed2-4bad-a299-301c8b933a0b/timeouts[39m
[35m[HTTP][39m [90m{"implicit":50}[39m
[35m[HTTP][39m [37m<-- POST /wd/hub/session/dd258393-fed2-4bad-a299-301c8b933a0b/timeouts [39m[32m200[39m [90m1 ms - 14[39m
[35m[HTTP][39m [90m[39m
[35m[HTTP][39m [37m-->[39m [37mGET[39m [37m/wd/hub/session/dd258393-fed2-4bad-a299-301c8b933a0b/window/rect[39m
[35m[HTTP][39m [90m{}[39m
[35m[HTTP][39m [37m<-- GET /wd/hub/session/dd258393-fed2-4bad-a299-301c8b933a0b/window/rect [39m[32m200[39m [90m12 ms - 50[39m
[35m[HTTP][39m [90m[39m
[35m[HTTP][39m [37m-->[39m [37mPOST[39m [37m/wd/hub/session/dd258393-fed2-4bad-a299-301c8b933a0b/elements[39m
[35m[HTTP][39m [90m{"using":"xpath","value":"//*[@class = 'android.widget.Button' and (@text = '−' or . = '−') and @resource-id = 'com.sec.android.app.popupcalculator:id/calc_keypad_btn_sub']"}[39m
[35m[HTTP][39m [37m<-- POST /wd/hub/session/dd258393-fed2-4bad-a299-301c8b933a0b/elements [39m[32m200[39m [90m639 ms - 139[39m
[35m[HTTP][39m [90m[39m
[35m[HTTP][39m [37m-->[39m [37mGET[39m [37m/wd/hub/session/dd258393-fed2-4bad-a299-301c8b933a0b/element/00000000-0000-0079-ffff-ffff0000001b/location[39m
[35m[HTTP][39m [90m{}[39m
[35m[W3C (dd258393)][39m Driver proxy active, passing request on via HTTP proxy
[35m[WD Proxy][39m Replacing sessionId 73f9a932-89c5-42e2-b016-d1fad8bccc84 with dd258393-fed2-4bad-a299-301c8b933a0b
[35m[HTTP][39m [37m<-- GET /wd/hub/session/dd258393-fed2-4bad-a299-301c8b933a0b/element/00000000-0000-0079-ffff-ffff0000001b/location [39m[32m200[39m [90m25 ms - 79[39m
[35m[HTTP][39m [90m[39m
[35m[HTTP][39m [37m-->[39m [37mPOST[39m [37m/wd/hub/session/dd258393-fed2-4bad-a299-301c8b933a0b/timeouts[39m
[35m[HTTP][39m [90m{"implicit":30000}[39m
[35m[HTTP][39m [37m<-- POST /wd/hub/session/dd258393-fed2-4bad-a299-301c8b933a0b/timeouts [39m[32m200[39m [90m1 ms - 14[39m
[35m[HTTP][39m [90m[39m
[35m[HTTP][39m [37m-->[39m [37mPOST[39m [37m/wd/hub/session/dd258393-fed2-4bad-a299-301c8b933a0b/element/00000000-0000-0079-ffff-ffff0000001b/click[39m
[35m[HTTP][39m [90m{"id":"00000000-0000-0079-ffff-ffff0000001b"}[39m
[35m[HTTP][39m [37m<-- POST /wd/hub/session/dd258393-fed2-4bad-a299-301c8b933a0b/element/00000000-0000-0079-ffff-ffff0000001b/click [39m[32m200[39m [90m97 ms - 14[39m
[35m[HTTP][39m [90m[39m
[35m[HTTP][39m [37m-->[39m [37mPOST[39m [37m/wd/hub/session/dd258393-fed2-4bad-a299-301c8b933a0b/timeouts[39m
[35m[HTTP][39m [90m{"implicit":50}[39m
[35m[HTTP][39m [37m<-- POST /wd/hub/session/dd258393-fed2-4bad-a299-301c8b933a0b/timeouts [39m[32m200[39m [90m1 ms - 14[39m
[35m[HTTP][39m [90m[39m
[35m[HTTP][39m [37m-->[39m [37mGET[39m [37m/wd/hub/session/dd258393-fed2-4bad-a299-301c8b933a0b/window/rect[39m
[35m[HTTP][39m [90m{}[39m
[35m[HTTP][39m [37m<-- GET /wd/hub/session/dd258393-fed2-4bad-a299-301c8b933a0b/window/rect [39m[32m200[39m [90m14 ms - 50[39m
[35m[HTTP][39m [90m[39m
[35m[HTTP][39m [37m-->[39m [37mPOST[39m [37m/wd/hub/session/dd258393-fed2-4bad-a299-301c8b933a0b/elements[39m
[35m[HTTP][39m [90m{"using":"xpath","value":"//*[@class = 'android.widget.Button' and (@text = '3' or . = '3') and @resource-id = 'com.sec.android.app.popupcalculator:id/calc_keypad_btn_03']"}[39m
[35m[HTTP][39m [37m<-- POST /wd/hub/session/dd258393-fed2-4bad-a299-301c8b933a0b/elements [39m[32m200[39m [90m604 ms - 139[39m
[35m[HTTP][39m [90m[39m
[35m[HTTP][39m [37m-->[39m [37mGET[39m [37m/wd/hub/session/dd258393-fed2-4bad-a299-301c8b933a0b/element/00000000-0000-0079-ffff-ffff0000001e/location[39m
[35m[HTTP][39m [90m{}[39m
[35m[W3C (dd258393)][39m Driver proxy active, passing request on via HTTP proxy
[35m[WD Proxy][39m Replacing sessionId 73f9a932-89c5-42e2-b016-d1fad8bccc84 with dd258393-fed2-4bad-a299-301c8b933a0b
[35m[HTTP][39m [37m<-- GET /wd/hub/session/dd258393-fed2-4bad-a299-301c8b933a0b/element/00000000-0000-0079-ffff-ffff0000001e/location [39m[32m200[39m [90m33 ms - 79[39m
[35m[HTTP][39m [90m[39m
[35m[HTTP][39m [37m-->[39m [37mPOST[39m [37m/wd/hub/session/dd258393-fed2-4bad-a299-301c8b933a0b/timeouts[39m
[35m[HTTP][39m [90m{"implicit":30000}[39m
[35m[HTTP][39m [37m<-- POST /wd/hub/session/dd258393-fed2-4bad-a299-301c8b933a0b/timeouts [39m[32m200[39m [90m1 ms - 14[39m
[35m[HTTP][39m [90m[39m
[35m[HTTP][39m [37m-->[39m [37mPOST[39m [37m/wd/hub/session/dd258393-fed2-4bad-a299-301c8b933a0b/element/00000000-0000-0079-ffff-ffff0000001e/click[39m
[35m[HTTP][39m [90m{"id":"00000000-0000-0079-ffff-ffff0000001e"}[39m
[35m[HTTP][39m [37m<-- POST /wd/hub/session/dd258393-fed2-4bad-a299-301c8b933a0b/element/00000000-0000-0079-ffff-ffff0000001e/click [39m[32m200[39m [90m91 ms - 14[39m
[35m[HTTP][39m [90m[39m
[35m[HTTP][39m [37m-->[39m [37mPOST[39m [37m/wd/hub/session/dd258393-fed2-4bad-a299-301c8b933a0b/timeouts[39m
[35m[HTTP][39m [90m{"implicit":50}[39m
[35m[HTTP][39m [37m<-- POST /wd/hub/session/dd258393-fed2-4bad-a299-301c8b933a0b/timeouts [39m[32m200[39m [90m1 ms - 14[39m
[35m[HTTP][39m [90m[39m
[35m[HTTP][39m [37m-->[39m [37mGET[39m [37m/wd/hub/session/dd258393-fed2-4bad-a299-301c8b933a0b/window/rect[39m
[35m[HTTP][39m [90m{}[39m
[35m[HTTP][39m [37m<-- GET /wd/hub/session/dd258393-fed2-4bad-a299-301c8b933a0b/window/rect [39m[32m200[39m [90m18 ms - 50[39m
[35m[HTTP][39m [90m[39m
[35m[HTTP][39m [37m-->[39m [37mPOST[39m [37m/wd/hub/session/dd258393-fed2-4bad-a299-301c8b933a0b/elements[39m
[35m[HTTP][39m [90m{"using":"xpath","value":"//*[@class = 'android.widget.Button' and (@text = '=' or . = '=') and @resource-id = 'com.sec.android.app.popupcalculator:id/calc_keypad_btn_equal']"}[39m
[35m[HTTP][39m [37m<-- POST /wd/hub/session/dd258393-fed2-4bad-a299-301c8b933a0b/elements [39m[32m200[39m [90m593 ms - 139[39m
[35m[HTTP][39m [90m[39m
[35m[HTTP][39m [37m-->[39m [37mGET[39m [37m/wd/hub/session/dd258393-fed2-4bad-a299-301c8b933a0b/element/00000000-0000-0079-ffff-ffff00000023/location[39m
[35m[HTTP][39m [90m{}[39m
[35m[W3C (dd258393)][39m Driver proxy active, passing request on via HTTP proxy
[35m[WD Proxy][39m Replacing sessionId 73f9a932-89c5-42e2-b016-d1fad8bccc84 with dd258393-fed2-4bad-a299-301c8b933a0b
[35m[HTTP][39m [37m<-- GET /wd/hub/session/dd258393-fed2-4bad-a299-301c8b933a0b/element/00000000-0000-0079-ffff-ffff00000023/location [39m[32m200[39m [90m23 ms - 79[39m
[35m[HTTP][39m [90m[39m
[35m[HTTP][39m [37m-->[39m [37mPOST[39m [37m/wd/hub/session/dd258393-fed2-4bad-a299-301c8b933a0b/timeouts[39m
[35m[HTTP][39m [90m{"implicit":30000}[39m
[35m[HTTP][39m [37m<-- POST /wd/hub/session/dd258393-fed2-4bad-a299-301c8b933a0b/timeouts [39m[32m200[39m [90m1 ms - 14[39m
[35m[HTTP][39m [90m[39m
[35m[HTTP][39m [37m-->[39m [37mPOST[39m [37m/wd/hub/session/dd258393-fed2-4bad-a299-301c8b933a0b/element/00000000-0000-0079-ffff-ffff00000023/click[39m
[35m[HTTP][39m [90m{"id":"00000000-0000-0079-ffff-ffff00000023"}[39m
[35m[HTTP][39m [37m<-- POST /wd/hub/session/dd258393-fed2-4bad-a299-301c8b933a0b/element/00000000-0000-0079-ffff-ffff00000023/click [39m[32m200[39m [90m86 ms - 14[39m
[35m[HTTP][39m [90m[39m
[35m[HTTP][39m [37m-->[39m [37mPOST[39m [37m/wd/hub/session/dd258393-fed2-4bad-a299-301c8b933a0b/timeouts[39m
[35m[HTTP][39m [90m{"implicit":50}[39m
[35m[HTTP][39m [37m<-- POST /wd/hub/session/dd258393-fed2-4bad-a299-301c8b933a0b/timeouts [39m[32m200[39m [90m1 ms - 14[39m
[35m[HTTP][39m [90m[39m
[35m[HTTP][39m [37m-->[39m [37mGET[39m [37m/wd/hub/session/dd258393-fed2-4bad-a299-301c8b933a0b/window/rect[39m
[35m[HTTP][39m [90m{}[39m
[35m[HTTP][39m [37m<-- GET /wd/hub/session/dd258393-fed2-4bad-a299-301c8b933a0b/window/rect [39m[32m200[39m [90m19 ms - 50[39m
[35m[HTTP][39m [90m[39m
[35m[HTTP][39m [37m-->[39m [37mPOST[39m [37m/wd/hub/session/dd258393-fed2-4bad-a299-301c8b933a0b/elements[39m
[35m[HTTP][39m [90m{"using":"xpath","value":"//*[@resource-id = 'com.sec.android.app.popupcalculator:id/calc_edt_formula']"}[39m
[35m[HTTP][39m [37m<-- POST /wd/hub/session/dd258393-fed2-4bad-a299-301c8b933a0b/elements [39m[32m200[39m [90m730 ms - 139[39m
[35m[HTTP][39m [90m[39m
[35m[HTTP][39m [37m-->[39m [37mGET[39m [37m/wd/hub/session/dd258393-fed2-4bad-a299-301c8b933a0b/element/00000000-0000-0079-ffff-ffff00000000/location[39m
[35m[HTTP][39m [90m{}[39m
[35m[W3C (dd258393)][39m Driver proxy active, passing request on via HTTP proxy
[35m[WD Proxy][39m Replacing sessionId 73f9a932-89c5-42e2-b016-d1fad8bccc84 with dd258393-fed2-4bad-a299-301c8b933a0b
[35m[HTTP][39m [37m<-- GET /wd/hub/session/dd258393-fed2-4bad-a299-301c8b933a0b/element/00000000-0000-0079-ffff-ffff00000000/location [39m[32m200[39m [90m33 ms - 78[39m
[35m[HTTP][39m [90m[39m
[35m[HTTP][39m [37m-->[39m [37mPOST[39m [37m/wd/hub/session/dd258393-fed2-4bad-a299-301c8b933a0b/timeouts[39m
[35m[HTTP][39m [90m{"implicit":30000}[39m
[35m[HTTP][39m [37m<-- POST /wd/hub/session/dd258393-fed2-4bad-a299-301c8b933a0b/timeouts [39m[32m200[39m [90m1 ms - 14[39m
[35m[HTTP][39m [90m[39m
[35m[HTTP][39m [37m-->[39m [37mGET[39m [37m/wd/hub/session/dd258393-fed2-4bad-a299-301c8b933a0b/element/00000000-0000-0079-ffff-ffff00000000/text[39m
[35m[HTTP][39m [90m{}[39m
[35m[W3C (dd258393)][39m Driver proxy active, passing request on via HTTP proxy
[35m[WD Proxy][39m Replacing sessionId 73f9a932-89c5-42e2-b016-d1fad8bccc84 with dd258393-fed2-4bad-a299-301c8b933a0b
[35m[HTTP][39m [37m<-- GET /wd/hub/session/dd258393-fed2-4bad-a299-301c8b933a0b/element/00000000-0000-0079-ffff-ffff00000000/text [39m[32m200[39m [90m33 ms - 83[39m
[35m[HTTP][39m [90m[39m
[35m[HTTP][39m [37m-->[39m [37mDELETE[39m [37m/wd/hub/session/dd258393-fed2-4bad-a299-301c8b933a0b[39m
[35m[HTTP][39m [90m{}[39m
[35m[Appium][39m Removing session dd258393-fed2-4bad-a299-301c8b933a0b from our master session list
[35m[UiAutomator2][39m Restoring hidden api policy to the device default configuration
[35m[HTTP][39m [37m<-- DELETE /wd/hub/session/dd258393-fed2-4bad-a299-301c8b933a0b [39m[32m200[39m [90m446 ms - 14[39m
[35m[HTTP][39m [90m[39m
